<?xml version="1.0" encoding="UTF-8"?>
<testng-results ignored="0" total="1" passed="1" failed="0" skipped="0">
  <reporter-output>
    <line>
      <![CDATA[No of rows 9]]>
    </line>
    <line>
      <![CDATA[Login Success::dashboard    http://orangehrm.qedgetech.com/symfony/web/index.php/dashboard]]>
    </line>
    <line>
      <![CDATA[Login Fail::dashboard    http://orangehrm.qedgetech.com/symfony/web/index.php/auth/validateCredentials]]>
    </line>
    <line>
      <![CDATA[Login Fail::dashboard    http://orangehrm.qedgetech.com/symfony/web/index.php/auth/validateCredentials]]>
    </line>
    <line>
      <![CDATA[Login Fail::dashboard    http://orangehrm.qedgetech.com/symfony/web/index.php/auth/login]]>
    </line>
    <line>
      <![CDATA[Login Success::dashboard    http://orangehrm.qedgetech.com/symfony/web/index.php/dashboard]]>
    </line>
    <line>
      <![CDATA[Login Fail::dashboard    http://orangehrm.qedgetech.com/symfony/web/index.php/auth/login]]>
    </line>
    <line>
      <![CDATA[Login Success::dashboard    http://orangehrm.qedgetech.com/symfony/web/index.php/dashboard]]>
    </line>
    <line>
      <![CDATA[Login Fail::dashboard    http://orangehrm.qedgetech.com/symfony/web/index.php/auth/login]]>
    </line>
    <line>
      <![CDATA[Login Success::dashboard    http://orangehrm.qedgetech.com/symfony/web/index.php/dashboard]]>
    </line>
  </reporter-output>
  <suite started-at="2023-08-24T08:56:22 IST" name="Default suite" finished-at="2023-08-24T08:56:51 IST" duration-ms="28787">
    <groups>
    </groups>
    <test started-at="2023-08-24T08:56:22 IST" name="Default test" finished-at="2023-08-24T08:56:51 IST" duration-ms="28787">
      <class name="driverFactory.DriverScript">
        <test-method is-config="true" signature="setUp()[pri:0, instance:driverFactory.DriverScript@710c2b53]" started-at="2023-08-24T08:56:22 IST" name="setUp" finished-at="2023-08-24T08:56:27 IST" duration-ms="4410" status="PASS">
          <reporter-output>
          </reporter-output>
        </test-method> <!-- setUp -->
        <test-method signature="startTest()[pri:0, instance:driverFactory.DriverScript@710c2b53]" started-at="2023-08-24T08:56:27 IST" name="startTest" finished-at="2023-08-24T08:56:50 IST" duration-ms="23475" status="PASS">
          <reporter-output>
            <line>
              <![CDATA[No of rows 9]]>
            </line>
            <line>
              <![CDATA[Login Success::dashboard    http://orangehrm.qedgetech.com/symfony/web/index.php/dashboard]]>
            </line>
            <line>
              <![CDATA[Login Fail::dashboard    http://orangehrm.qedgetech.com/symfony/web/index.php/auth/validateCredentials]]>
            </line>
            <line>
              <![CDATA[Login Fail::dashboard    http://orangehrm.qedgetech.com/symfony/web/index.php/auth/validateCredentials]]>
            </line>
            <line>
              <![CDATA[Login Fail::dashboard    http://orangehrm.qedgetech.com/symfony/web/index.php/auth/login]]>
            </line>
            <line>
              <![CDATA[Login Success::dashboard    http://orangehrm.qedgetech.com/symfony/web/index.php/dashboard]]>
            </line>
            <line>
              <![CDATA[Login Fail::dashboard    http://orangehrm.qedgetech.com/symfony/web/index.php/auth/login]]>
            </line>
            <line>
              <![CDATA[Login Success::dashboard    http://orangehrm.qedgetech.com/symfony/web/index.php/dashboard]]>
            </line>
            <line>
              <![CDATA[Login Fail::dashboard    http://orangehrm.qedgetech.com/symfony/web/index.php/auth/login]]>
            </line>
            <line>
              <![CDATA[Login Success::dashboard    http://orangehrm.qedgetech.com/symfony/web/index.php/dashboard]]>
            </line>
          </reporter-output>
        </test-method> <!-- startTest -->
        <test-method is-config="true" signature="tearDown()[pri:0, instance:driverFactory.DriverScript@710c2b53]" started-at="2023-08-24T08:56:50 IST" name="tearDown" finished-at="2023-08-24T08:56:51 IST" duration-ms="709" status="PASS">
          <reporter-output>
          </reporter-output>
        </test-method> <!-- tearDown -->
      </class> <!-- driverFactory.DriverScript -->
    </test> <!-- Default test -->
  </suite> <!-- Default suite -->
</testng-results>
